7732000
7655000
7655000
7725000
7725000
7725000
7732000
7732000
7756000
7756000
7671000
7671000
7678000
7678000
7685000
7685000
7685000
7616000
7616000
7733000
7733000
7741000
7741000
8049000
8049000
9926000
9926000
9926000
12230000
12230000
14131000
14131000
16525000
16525000
17370000
17370000
17364000
17364000
17364000
17318000
17318000
17245000
17245000
17250000
17250000
17422000
17422000
17597000
17597000
17597000
17859000
17859000
18093000
18093000
18163000
18163000
18093000
18093000
18033000
18033000
18033000
18024000
18024000
18083000
18083000
18223000
18223000
18503000
18503000
18749000
18749000
18749000
18883000
18883000
18848000
18848000
18856000
18856000
18796000
18796000
18804000
18804000
18804000
18822000
18822000
18995000
18995000
19288000
19288000
19415000
19415000
19633000
19633000
19633000
19827000
19827000
19818000
19818000
19688000
19688000
19668000
19668000
19684000
19684000
19684000
19782000
19782000
20044000
20044000
20323000
20323000
20587000
20587000
20699000
20699000
20699000
20858000
20858000
20824000
20824000
20886000
20886000
20791000
20791000
20955000
20955000
20955000
21139000
21139000
21248000
21248000
21352000
21352000
21467000
21467000
21325000
21325000
21325000
21302000
21302000
21286000
21286000
21368000
21368000
21317000
21317000
21515000
21515000
21515000
21588000
21588000
21654000
21654000
21895000
21895000
21974000
21974000
22028000
22028000
22028000
21970000
21970000
21935000
21935000
21978000
21978000
22188000
22188000
22360000
22360000
22360000
22639000
22639000
23095000
23095000
23112000
23112000
23227000
23227000
23155000
23155000
23155000
22982000
22982000
23014000
23014000
23140000
23140000
23307000
23307000
23694000
23694000
23694000
23753000
23753000
23894000
23894000
23775000
23775000
23574000
23574000
23640000
23640000
23640000
23753000
23753000
23923000
23923000
24284000
24284000
24437000
24437000
24667000
24667000
24667000
24598000
24598000
24597000
24597000
24524000
24524000
24538000
24538000
24469000
24469000
24469000
24505000
24505000
24595000
24595000
24753000
24753000
24988000
24988000
25070000
25070000
25070000
25217000
25217000
25215000
25215000
25260000
25260000
25342000
25342000
25498000
25498000
25758000
25758000
25758000
25935000
25935000
26162000
26162000
26223000
26223000
26107000
26107000
25922000
25922000
25922000
25847000
25847000
25844000
25844000
26110000
26110000
26388000
26388000
26694000
26694000
26694000
26877000
26877000
27083000
27083000
27058000
27058000
26948000
26948000
26969000
26969000
26969000
27053000
27053000
27100000
27100000
27369000
27369000
27514000
27514000
27792000
27792000
27792000
27780000
27780000
27874000
27874000
27857000
27857000
27795000
27795000
27790000
27790000
27790000
28013000
28013000
28155000
28155000
28207000
28207000
28303000
28303000
28498000
28498000
28498000
28452000
28452000
28487000
28487000
28488000
28488000
28532000
28532000
28624000
28624000
28624000
28764000
28764000
28895000
28895000
29040000
29040000
29182000
29182000
29224000
29224000
29224000
29322000
29322000
29323000
29323000
29210000
29210000
29369000
29369000
29495000
29495000
29495000
29807000
29807000
30065000
30065000
30255000
30255000
30254000
30254000
30315000
30315000
30315000
30404000
30404000
30373000
30373000
30427000
30427000
30537000
30537000
30730000
30730000
30730000
30925000
30925000
31098000
31098000
31209000
31209000
31097000
31097000
30980000
30980000
30980000
30988000
30988000
30903000
30903000
31144000
31144000
31267000
31267000
31445000
31445000
31445000
31722000
31722000
31652000
31652000
31547000
31547000
31592000
31592000
31435000
31435000
31435000
31359000
31359000
31737000
31737000
31855000
31855000
32375000
32375000
32584000
32584000
32584000
32560000
32560000
32512000
32512000
32457000
32457000
32273000
32273000
32438000
32438000
32438000
32708000
32708000
33010000
33010000
33160000
33160000
33409000
33409000
33574000
33574000
33574000
33373000
33373000
33272000
33272000
33118000
33118000
33157000
33157000
33266000
33266000
33266000
33388000
33388000
33692000
33692000
33869000
33869000
33937000
33937000
33922000
33922000
33922000
33982000
33982000
33837000
33837000
33954000
33954000
34124000
34124000
34187000
34187000
34187000
34544000
34544000
34842000
34842000
34882000
34882000
34972000
34972000
34919000
34919000
34919000
34887000
34887000
34832000
34832000
34939000
34939000
35149000
35149000
35382000
35382000
35382000
35537000
35537000
35602000
35602000
35514000
35514000
35484000
35484000
35437000
35437000
35437000
35607000
35607000
35747000
35747000
36019000
36019000
36334000
36334000
36399000
36399000
36399000
36544000
36544000
36449000
36449000
36349000
36349000
36369000
36369000
36372000
36372000
36372000
36497000
36497000
36622000
36622000
36957000
36957000
37157000
37157000
37324000
37324000
37324000
37269000
37269000
37209000
37209000
37154000
37154000
37172000
37172000
37364000
37364000
37364000
37649000
37649000
37784000
37784000
37899000
37899000
38107000
38107000
38027000
38027000
38027000
37984000
37984000
38062000
38062000
38014000
38014000
38054000
38054000
38332000
38332000
38332000
38337000
38337000
38554000
38554000
38702000
38702000
38674000
38674000
38704000
38704000
38704000
38699000
38699000
38882000
38882000
39129000
39129000
39287000
39287000
39494000
39494000
39494000
39709000
39709000
39874000
39874000
39707000
39707000
39829000
39829000
39802000
39802000
39802000
39792000
39792000
39837000
39837000
40022000
40022000
40279000
40279000
40494000
40494000
40494000
40749000
40749000
40872000
40872000
40847000
40847000
40717000
40717000
40702000
40702000
40702000
40819000
40819000
40952000
40952000
41199000
41199000
41307000
41307000
41459000
41459000
41459000
41492000
41492000
41564000
41564000
41562000
41562000
41612000
41612000
41587000
41587000
41587000
41722000
41722000
41874000
41874000
42022000
42022000
42117000
42117000
42299000
42299000
42299000
42227000
42227000
42292000
42292000
42312000
42312000
42367000
42367000
42512000
42512000
42689000
42689000
42689000
42892000
42892000
43132000
43132000
43282000
43282000
43362000
43362000
43479000
43479000
43479000
43482000
43482000
43429000
43429000
43487000
43487000
43514000
43514000
43647000
43647000
43647000
43777000
43777000
43897000
43897000
44077000
44077000
44187000
44187000
44207000
44207000
44207000
44257000
44257000
44362000
44362000
44484000
44484000
44452000
44452000
44542000
44542000
44542000
44589000
44589000
44472000
44472000
44654000
44654000
44892000
44892000
44969000
44969000
44969000
45212000
45212000
45404000
45404000
45567000
45567000
45672000
45672000
45889000
45889000
45889000
45939000
45939000
46079000
46079000
46059000
46059000
46022000
46022000
46247000
46247000
46247000
46197000
46197000
46322000
46322000
46674000
46674000
46779000
46779000
46774000
46774000
46774000
46827000
46827000
46717000
46717000
46607000
46607000
46684000
46684000
46822000
46822000
46822000
46937000
46937000
47164000
47164000
47524000
47524000
47574000
47574000
47557000
47557000
47557000
47757000
47757000
47707000
47707000
47754000
47754000
48109000
48109000
48267000
48267000
48267000
48497000
48497000
48602000
48602000
48614000
48614000
48477000
48477000
48387000
48387000
48387000
48427000
48427000
48762000
48762000
48942000
48942000
49054000
49054000
49214000
49214000
49214000
49212000
49212000
49294000
49294000
49342000
49342000
49514000
49514000
49467000
49467000
49467000
49487000
49487000
49829000
49829000
49739000
49739000
49972000
49972000
50172000
50172000
50172000
50112000
50112000
50169000
50169000
50222000
50222000
50252000
50252000
50217000
50217000
50217000
50419000
50419000
50534000
50534000
50809000
50809000
51029000
51029000
51109000
51109000
51109000
51094000
51094000
51142000
51142000
51262000
51262000
51332000
51332000
51557000
51557000
51557000
51732000
51732000
51754000
51754000
51929000
51929000
51932000
51932000
51849000
51849000
51849000
52007000
52007000
52059000
52059000
52044000
52044000
52344000
52344000
52534000
52534000
52534000
52704000
52704000
52744000
52744000
52767000
52767000
52647000
52647000
52579000
52579000
52579000
52714000
52714000
52844000
52844000
53007000
53007000
53209000
53209000
53349000
53349000
53349000
53479000
53479000
53619000
53619000
53699000
53699000
53627000
53627000
53597000
53597000
53597000
53562000
53562000
53722000
53722000
54022000
54022000
54302000
54302000
54554000
54554000
54554000
54787000
54787000
54749000
54749000
54644000
54644000
54549000
54549000
54487000
54487000
54487000
54832000
54832000
54869000
54869000
55109000
55109000
55322000
55322000
55399000
55399000
55399000
55387000
55387000
55389000
55389000
55447000
55447000
55462000
55462000
55739000
55739000
55739000
55952000
55952000
56077000
56077000
56397000
56397000
56362000
56362000
56157000
56157000
56157000
56147000
56147000
56369000
56369000
56379000
56379000
56652000
56652000
56882000
56882000
56882000
57012000
57012000
56979000
56979000
56982000
56982000
56944000
56944000
57024000
57024000
57024000
56977000
56977000
57039000
57039000
57027000
57027000
57257000
57257000
57417000
57417000
57417000
57744000
57744000
58087000
58087000
58464000
58464000
58449000
58449000
58462000
58462000
58462000
58379000
58379000
58427000
58427000
58507000
58507000
58702000
58702000
58684000
58684000
58684000
58897000
58897000
58727000
58727000
58792000
58792000
58887000
58887000
59024000
59024000
59024000
59199000
59199000
59264000
59264000
59379000
59379000
59449000
59449000
59562000
59562000
59562000
59667000
59667000
59592000
59592000
59489000
59489000
59502000
59502000
59439000
59439000
59439000
59754000
59754000
60012000
60012000
60322000
60322000
60577000
60577000
60837000
60837000
60837000
60739000
60739000
60612000
60612000
60579000
60579000
60489000
60489000
60569000
60569000
60569000
60672000
60672000
60912000
60912000
61149000
61149000
61379000
61379000
61347000
61347000
61514000
61514000
61514000
61464000
61464000
61297000
61297000
61504000
61504000
61779000
61779000
61847000
61847000
61847000
62169000
62169000
62339000
62339000
62272000
62272000
62314000
62314000
62264000
62264000
62264000
62262000
62262000
62387000
62387000
62514000
62514000
62722000
62722000
62877000
62877000
62877000
63047000
63047000
63017000
63017000
63104000
63104000
63147000
63147000
63129000
63129000
63129000
63317000
63317000
63414000
63414000
63559000
63559000
63792000
63792000
63892000
63892000
63892000
63807000
63807000
63964000
63964000
63859000
63859000
63772000
63772000
64004000
64004000
64004000
64312000
64312000
64469000
64469000
64704000
64704000
64922000
64922000
64834000
64834000
64834000
64787000
64787000
64874000
64874000
64807000
64807000
64912000
64912000
65182000
65182000
65182000
65227000
65227000
65367000
65367000
65670000
65670000
65550000
65550000
65670000
65670000
65670000
65690000
65690000
65680000
65680000
65900000
65900000
66240000
66240000
66405000
66405000
66405000
66635000
66635000
66900000
66900000
66530000
66530000
66445000
66445000
66375000
66375000
66375000
66365000
66365000
66515000
66515000
66825000
66825000
67095000
67095000
67590000
67590000
67590000
67760000
67760000
67745000
67745000
67710000
67710000
67805000
67805000
67430000
67430000
67430000
67515000
67515000
67750000
67750000
68005000
68005000
68165000
68165000
68405000
68405000
68405000
68475000
68475000
68575000
68575000
68505000
68505000
68555000
68555000
68545000
68545000
68545000
68660000
68660000
68805000
68805000
68930000
68930000
69035000
69035000
69275000
69275000
69275000
69375000
69375000
69445000
69445000
69625000
69625000
69640000
69640000
69900000
69900000
69900000
70045000
70045000
70205000
70205000
70310000
70310000
70300000
70300000
70230000
70230000
70230000
70250000
70250000
70265000
70265000
70315000
70315000
70605000
70605000
70795000
70795000
70795000
70960000
70960000
71150000
71150000
71090000
71090000
71080000
71080000
71070000
71070000
71070000
71160000
71160000
71105000
71105000
71390000
71390000
71530000
71530000
71860000
71860000
71860000
71935000
71935000
72295000
72295000
72220000
72220000
72150000
72150000
72150000
72150000
72150000
71940000
71940000
72090000
72090000
72555000
72555000
72720000
72720000
72980000
72980000
72980000
73230000
73230000
73135000
73135000
73030000
73030000
73155000
73155000
73105000
73105000
73105000
73260000
73260000
73460000
73460000
73665000
73665000
73960000
73960000
73995000
73995000
73995000
74050000
74050000
74080000
74080000
73890000
73890000
73765000
73765000
73970000
73970000
73970000
74180000
74180000
74370000
74370000
74770000
74770000
74915000
74915000
74970000
74970000
74970000
75025000
75025000
74975000
74975000
74885000
74885000
75135000
75135000
75300000
75300000
75300000
75495000
75495000
75765000
75765000
75980000
75980000
76030000
76030000
76110000
76110000
76110000
76120000
76120000
76000000
76000000
76130000
76130000
76150000
76150000
76290000
76290000
76290000
76505000
76505000
76735000
76735000
76725000
76725000
76915000
76915000
76920000
76920000
76920000
76865000
76865000
76955000
76955000
77085000
77085000
77260000
77260000
77400000
77400000
77400000
77725000
77725000
77770000
77770000
77970000
77970000
78045000
78045000
78185000
78185000
78185000
78205000
78205000
78315000
78315000
78410000
78410000
78550000
78550000
78680000
78680000
78680000
78740000
78740000
78725000
78725000
78650000
78650000
78675000
78675000
78745000
78745000
78745000
78860000
78860000
79200000
79200000
79420000
79420000
79730000
79730000
79695000
79695000
79695000
79520000
79520000
79540000
79540000
79560000
79560000
79640000
79640000
80180000
80180000
80180000
80430000
80430000
80535000
80535000
80725000
80725000
80540000
80540000
80525000
80525000
80525000
80525000
80525000
80550000
80550000
80585000
80585000
80640000
80640000
80955000
80955000
81045000
81045000
81045000
81425000
81425000
81480000
81480000
81580000
81580000
81560000
81560000
81675000
81675000
81675000
81530000
81530000
81845000
81845000
82055000
82055000
82280000
82280000
82505000
82505000
82505000
82730000
82730000
82700000
82700000
82695000
82695000
82835000
82835000
83055000
83055000
83055000
83115000
83115000
83345000
83345000
83600000
83600000
83600000
83600000
83450000
83450000
83450000
83400000
83400000
83320000
83320000
83545000
83545000
83580000
83580000
84175000
84175000
84175000
84420000
84420000
84610000
84610000
84775000
84775000
84650000
84650000
84625000
84625000
84625000
84600000
84600000
